{
  "stats": {
    "suites": 1,
    "tests": 1,
    "passes": 1,
    "pending": 0,
    "failures": 0,
    "start": "2024-11-18T06:26:02.058Z",
    "end": "2024-11-18T06:26:05.520Z",
    "duration": 3462,
    "testsRegistered": 1,
    "passPercent": 100,
    "pendingPercent": 0,
    "other": 0,
    "hasOther": false,
    "skipped": 0,
    "hasSkipped": false
  },
  "results": [
    {
      "uuid": "76c7bc85-b86a-4788-9297-eec3d120f8b4",
      "title": "",
      "fullFile": "cypress/e2e/user-delete-account.cy.js",
      "file": "cypress/e2e/user-delete-account.cy.js",
      "beforeHooks": [],
      "afterHooks": [],
      "tests": [],
      "suites": [
        {
          "uuid": "ea8316aa-2750-4f0d-8f67-5c8a13d01cc2",
          "title": "Test Scenario Delete Account",
          "fullFile": "",
          "file": "",
          "beforeHooks": [],
          "afterHooks": [],
          "tests": [
            {
              "title": "User Successfully Delete Account",
              "fullTitle": "Test Scenario Delete Account User Successfully Delete Account",
              "timedOut": null,
              "duration": 3443,
              "state": "passed",
              "speed": "fast",
              "pass": true,
              "fail": false,
              "pending": false,
              "context": "\"../videos/user-delete-account.cy.js.mp4\"",
              "code": "//arrange\ncy.visit(\"/user-management/user\");\ncy.get('a[href=\"http://127.0.0.1:8000/user-management/user\"]');\ncy.contains(\"User Management\").should(\"be.visible\");\n//act\ncy.get('form[action=\"http://127.0.0.1:8000/user-management/user/2\"]').click().should(\"contain\", \"Delete\");\ncy.contains(\"If you delete this\").should(\"be.visible\");\ncy.get(\".swal-button--confirm\").click();\n//assert\ncy.get(\"p\").should(\"be.visible\");\ncy.get(\"p\").should(\"contain\", \"User Deleted Successfully\");",
              "err": {},
              "uuid": "69761e1b-4cfc-4e0e-ba16-6ab93a93f7d3",
              "parentUUID": "ea8316aa-2750-4f0d-8f67-5c8a13d01cc2",
              "isHook": false,
              "skipped": false
            }
          ],
          "suites": [],
          "passes": [
            "69761e1b-4cfc-4e0e-ba16-6ab93a93f7d3"
          ],
          "failures": [],
          "pending": [],
          "skipped": [],
          "duration": 3443,
          "root": false,
          "rootEmpty": false,
          "_timeout": 2000
        }
      ],
      "passes": [],
      "failures": [],
      "pending": [],
      "skipped": [],
      "duration": 0,
      "root": true,
      "rootEmpty": true,
      "_timeout": 2000
    }
  ],
  "meta": {
    "mocha": {
      "version": "7.0.1"
    },
    "mochawesome": {
      "options": {
        "quiet": false,
        "reportFilename": "[name].html",
        "saveHtml": true,
        "saveJson": true,
        "consoleReporter": "spec",
        "useInlineDiffs": false,
        "code": true
      },
      "version": "7.1.3"
    },
    "marge": {
      "options": {
        "useInlineDiffs": true,
        "embeddedScreenshots": true,
        "reportDir": "cypress/results",
        "reportFilename": "[name].html",
        "overwrite": true,
        "html": true,
        "json": true
      },
      "version": "6.2.0"
    }
  }
}