{
  "stats": {
    "suites": 1,
    "tests": 1,
    "passes": 1,
    "pending": 0,
    "failures": 0,
    "start": "2024-11-18T06:25:57.875Z",
    "end": "2024-11-18T06:26:01.157Z",
    "duration": 3282,
    "testsRegistered": 1,
    "passPercent": 100,
    "pendingPercent": 0,
    "other": 0,
    "hasOther": false,
    "skipped": 0,
    "hasSkipped": false
  },
  "results": [
    {
      "uuid": "7cb672d1-4ae8-44ec-bdf1-fe876d9eff69",
      "title": "",
      "fullFile": "cypress/e2e/user-create-account.cy.js",
      "file": "cypress/e2e/user-create-account.cy.js",
      "beforeHooks": [],
      "afterHooks": [],
      "tests": [],
      "suites": [
        {
          "uuid": "becb162a-000c-4517-a29d-18c608870b03",
          "title": "Test Scenario User Create Account",
          "fullFile": "",
          "file": "",
          "beforeHooks": [],
          "afterHooks": [],
          "tests": [
            {
              "title": "User Cancel Create Account",
              "fullTitle": "Test Scenario User Create Account User Cancel Create Account",
              "timedOut": null,
              "duration": 3268,
              "state": "passed",
              "speed": "fast",
              "pass": true,
              "fail": false,
              "pending": false,
              "context": "\"../videos/user-create-account.cy.js.mp4\"",
              "code": "//arrange\ncy.visit(\"/user-management/user\");\ncy.get('a[href=\"http://127.0.0.1:8000/user-management/user/create\"]').click();\ncy.contains(\"Validasi Tambah Data\").should(\"be.visible\");\n//act\ncy.get(\".btn-secondary\").click();\n//assert\ncy.contains(\"User Management\").should(\"be.visible\");",
              "err": {},
              "uuid": "5ae981aa-24d4-4a48-b0a6-81f04afc9238",
              "parentUUID": "becb162a-000c-4517-a29d-18c608870b03",
              "isHook": false,
              "skipped": false
            }
          ],
          "suites": [],
          "passes": [
            "5ae981aa-24d4-4a48-b0a6-81f04afc9238"
          ],
          "failures": [],
          "pending": [],
          "skipped": [],
          "duration": 3268,
          "root": false,
          "rootEmpty": false,
          "_timeout": 2000
        }
      ],
      "passes": [],
      "failures": [],
      "pending": [],
      "skipped": [],
      "duration": 0,
      "root": true,
      "rootEmpty": true,
      "_timeout": 2000
    }
  ],
  "meta": {
    "mocha": {
      "version": "7.0.1"
    },
    "mochawesome": {
      "options": {
        "quiet": false,
        "reportFilename": "[name].html",
        "saveHtml": true,
        "saveJson": true,
        "consoleReporter": "spec",
        "useInlineDiffs": false,
        "code": true
      },
      "version": "7.1.3"
    },
    "marge": {
      "options": {
        "useInlineDiffs": true,
        "embeddedScreenshots": true,
        "reportDir": "cypress/results",
        "reportFilename": "[name].html",
        "overwrite": true,
        "html": true,
        "json": true
      },
      "version": "6.2.0"
    }
  }
}